# JRE version: Java(TM) SE Runtime Environment (8.0_211-b12) (build 1.8.0_211-b12)
# Java VM: Java HotSpot(TM) 64-Bit Server VM (25.211-b12 mixed mode windows-amd64 compressed oops)
Heap:
 PSYoungGen      total 130560K, used 6844K [0x00000000eb100000, 0x00000000f3a80000, 0x0000000100000000)
  eden space 120320K, 5% used [0x00000000eb100000,0x00000000eb7af2e0,0x00000000f2680000)
  from space 10240K, 0% used [0x00000000f2680000,0x00000000f2680000,0x00000000f3080000)
  to   space 8192K, 0% used [0x00000000f3080000,0x00000000f3080000,0x00000000f3880000)
 ParOldGen       total 29696K, used 14297K [0x00000000c1200000, 0x00000000c2f00000, 0x00000000eb100000)
  object space 29696K, 48% used [0x00000000c1200000,0x00000000c1ff67c8,0x00000000c2f00000)
 Metaspace       used 34227K, capacity 35824K, committed 36008K, reserved 1081344K
  class space    used 4414K, capacity 4712K, committed 4776K, reserved 1048576K
GC Heap History (10 events):
Event: 6.752 GC heap before
{Heap before GC invocations=7 (full 1):
 PSYoungGen      total 73216K, used 3048K [0x00000000eb100000, 0x00000000f0000000, 0x0000000100000000)
  eden space 65536K, 0% used [0x00000000eb100000,0x00000000eb100000,0x00000000ef100000)
  from space 7680K, 39% used [0x00000000ef880000,0x00000000efb7a030,0x00000000f0000000)
  to   space 7680K, 0% used [0x00000000ef100000,0x00000000ef100000,0x00000000ef880000)
 ParOldGen       total 44032K, used 11794K [0x00000000c1200000, 0x00000000c3d00000, 0x00000000eb100000)
  object space 44032K, 26% used [0x00000000c1200000,0x00000000c1d848a8,0x00000000c3d00000)
 Metaspace       used 20677K, capacity 21210K, committed 21296K, reserved 1067008K
  class space    used 2678K, capacity 2836K, committed 2864K, reserved 1048576K
Event: 6.863 GC heap after
Heap after GC invocations=7 (full 1):
 PSYoungGen      total 73216K, used 0K [0x00000000eb100000, 0x00000000f0000000, 0x0000000100000000)
  eden space 65536K, 0% used [0x00000000eb100000,0x00000000eb100000,0x00000000ef100000)
  from space 7680K, 0% used [0x00000000ef880000,0x00000000ef880000,0x00000000f0000000)
  to   space 7680K, 0% used [0x00000000ef100000,0x00000000ef100000,0x00000000ef880000)
 ParOldGen       total 29696K, used 6452K [0x00000000c1200000, 0x00000000c2f00000, 0x00000000eb100000)
  object space 29696K, 21% used [0x00000000c1200000,0x00000000c184d288,0x00000000c2f00000)
 Metaspace       used 20675K, capacity 21204K, committed 21296K, reserved 1067008K
  class space    used 2678K, capacity 2835K, committed 2864K, reserved 1048576K
}
Event: 10.153 GC heap before
{Heap before GC invocations=8 (full 1):
 PSYoungGen      total 73216K, used 65536K [0x00000000eb100000, 0x00000000f0000000, 0x0000000100000000)
  eden space 65536K, 100% used [0x00000000eb100000,0x00000000ef100000,0x00000000ef100000)
  from space 7680K, 0% used [0x00000000ef880000,0x00000000ef880000,0x00000000f0000000)
  to   space 7680K, 0% used [0x00000000ef100000,0x00000000ef100000,0x00000000ef880000)
 ParOldGen       total 29696K, used 6452K [0x00000000c1200000, 0x00000000c2f00000, 0x00000000eb100000)
  object space 29696K, 21% used [0x00000000c1200000,0x00000000c184d288,0x00000000c2f00000)
 Metaspace       used 25236K, capacity 26138K, committed 26288K, reserved 1073152K
  class space    used 3254K, capacity 3446K, committed 3504K, reserved 1048576K
Event: 10.172 GC heap after
Heap after GC invocations=8 (full 1):
 PSYoungGen      total 73216K, used 6499K [0x00000000eb100000, 0x00000000f3880000, 0x0000000100000000)
  eden space 65536K, 0% used [0x00000000eb100000,0x00000000eb100000,0x00000000ef100000)
  from space 7680K, 84% used [0x00000000ef100000,0x00000000ef758ef0,0x00000000ef880000)
  to   space 8192K, 0% used [0x00000000f3080000,0x00000000f3080000,0x00000000f3880000)
 ParOldGen       total 29696K, used 6479K [0x00000000c1200000, 0x00000000c2f00000, 0x00000000eb100000)
  object space 29696K, 21% used [0x00000000c1200000,0x00000000c1853eb8,0x00000000c2f00000)
 Metaspace       used 25236K, capacity 26138K, committed 26288K, reserved 1073152K
  class space    used 3254K, capacity 3446K, committed 3504K, reserved 1048576K
}
Event: 13.772 GC heap before
{Heap before GC invocations=9 (full 1):
 PSYoungGen      total 73216K, used 72035K [0x00000000eb100000, 0x00000000f3880000, 0x0000000100000000)
  eden space 65536K, 100% used [0x00000000eb100000,0x00000000ef100000,0x00000000ef100000)
  from space 7680K, 84% used [0x00000000ef100000,0x00000000ef758ef0,0x00000000ef880000)
  to   space 8192K, 0% used [0x00000000f3080000,0x00000000f3080000,0x00000000f3880000)
 ParOldGen       total 29696K, used 6479K [0x00000000c1200000, 0x00000000c2f00000, 0x00000000eb100000)
  object space 29696K, 21% used [0x00000000c1200000,0x00000000c1853eb8,0x00000000c2f00000)
 Metaspace       used 31150K, capacity 32560K, committed 32816K, reserved 1077248K
  class space    used 4014K, capacity 4310K, committed 4400K, reserved 1048576K
Event: 13.816 GC heap after
Heap after GC invocations=9 (full 1):
 PSYoungGen      total 128512K, used 8182K [0x00000000eb100000, 0x00000000f3a80000, 0x0000000100000000)
  eden space 120320K, 0% used [0x00000000eb100000,0x00000000eb100000,0x00000000f2680000)
  from space 8192K, 99% used [0x00000000f3080000,0x00000000f387d970,0x00000000f3880000)
  to   space 10240K, 0% used [0x00000000f2680000,0x00000000f2680000,0x00000000f3080000)
 ParOldGen       total 29696K, used 8880K [0x00000000c1200000, 0x00000000c2f00000, 0x00000000eb100000)
  object space 29696K, 29% used [0x00000000c1200000,0x00000000c1aac228,0x00000000c2f00000)
 Metaspace       used 31150K, capacity 32560K, committed 32816K, reserved 1077248K
  class space    used 4014K, capacity 4310K, committed 4400K, reserved 1048576K
}
Event: 15.355 GC heap before
{Heap before GC invocations=10 (full 1):
 PSYoungGen      total 128512K, used 37254K [0x00000000eb100000, 0x00000000f3a80000, 0x0000000100000000)
  eden space 120320K, 24% used [0x00000000eb100000,0x00000000ecd63fd0,0x00000000f2680000)
  from space 8192K, 99% used [0x00000000f3080000,0x00000000f387d970,0x00000000f3880000)
  to   space 10240K, 0% used [0x00000000f2680000,0x00000000f2680000,0x00000000f3080000)
 ParOldGen       total 29696K, used 8880K [0x00000000c1200000, 0x00000000c2f00000, 0x00000000eb100000)
  object space 29696K, 29% used [0x00000000c1200000,0x00000000c1aac228,0x00000000c2f00000)
 Metaspace       used 33825K, capacity 35350K, committed 35496K, reserved 1079296K
  class space    used 4361K, capacity 4667K, committed 4776K, reserved 1048576K
Event: 15.378 GC heap after
Heap after GC invocations=10 (full 1):
 PSYoungGen      total 130560K, used 10059K [0x00000000eb100000, 0x00000000f3a80000, 0x0000000100000000)
  eden space 120320K, 0% used [0x00000000eb100000,0x00000000eb100000,0x00000000f2680000)
  from space 10240K, 98% used [0x00000000f2680000,0x00000000f3052db8,0x00000000f3080000)
  to   space 8192K, 0% used [0x00000000f3080000,0x00000000f3080000,0x00000000f3880000)
 ParOldGen       total 29696K, used 8888K [0x00000000c1200000, 0x00000000c2f00000, 0x00000000eb100000)
  object space 29696K, 29% used [0x00000000c1200000,0x00000000c1aae228,0x00000000c2f00000)
 Metaspace       used 33825K, capacity 35350K, committed 35496K, reserved 1079296K
  class space    used 4361K, capacity 4667K, committed 4776K, reserved 1048576K
}
Event: 15.378 GC heap before
{Heap before GC invocations=11 (full 2):
 PSYoungGen      total 130560K, used 10059K [0x00000000eb100000, 0x00000000f3a80000, 0x0000000100000000)
  eden space 120320K, 0% used [0x00000000eb100000,0x00000000eb100000,0x00000000f2680000)
  from space 10240K, 98% used [0x00000000f2680000,0x00000000f3052db8,0x00000000f3080000)
  to   space 8192K, 0% used [0x00000000f3080000,0x00000000f3080000,0x00000000f3880000)
 ParOldGen       total 29696K, used 8888K [0x00000000c1200000, 0x00000000c2f00000, 0x00000000eb100000)
  object space 29696K, 29% used [0x00000000c1200000,0x00000000c1aae228,0x00000000c2f00000)
 Metaspace       used 33825K, capacity 35350K, committed 35496K, reserved 1079296K
  class space    used 4361K, capacity 4667K, committed 4776K, reserved 1048576K
Event: 15.612 GC heap after
Heap after GC invocations=11 (full 2):
 PSYoungGen      total 130560K, used 0K [0x00000000eb100000, 0x00000000f3a80000, 0x0000000100000000)
  eden space 120320K, 0% used [0x00000000eb100000,0x00000000eb100000,0x00000000f2680000)
  from space 10240K, 0% used [0x00000000f2680000,0x00000000f2680000,0x00000000f3080000)
  to   space 8192K, 0% used [0x00000000f3080000,0x00000000f3080000,0x00000000f3880000)
 ParOldGen       total 29696K, used 14297K [0x00000000c1200000, 0x00000000c2f00000, 0x00000000eb100000)
  object space 29696K, 48% used [0x00000000c1200000,0x00000000c1ff67c8,0x00000000c2f00000)
 Metaspace       used 33825K, capacity 35350K, committed 35496K, reserved 1079296K
  class space    used 4361K, capacity 4667K, committed 4776K, reserved 1048576K
}

